ANNOVAR Version:
	$Date: 2017-07-17 01:17:04 -0400 (Mon, 17 Jul 2017) $
ANNOVAR Information:
	For questions, comments, documentation, bug reports and program update, please visit http://www.openbioinformatics.org/annovar/
ANNOVAR Command:
	/cvmfs/soft.computecanada.ca/easybuild/software/2017/Core/annovar/2017Jul16/annotate_variation.pl --outfile subset_table_score_1KG_dataset_27022019.GRCh38.phased_allchr_annotated --geneanno -buildver hg38 subset_table_score_1KG_dataset_27022019.GRCh38.phased_allchr_annovar_input humandb/
ANNOVAR Started:
	Wed Jun  9 17:53:33 2021
NOTICE: Output files were written to subset_table_score_1KG_dataset_27022019.GRCh38.phased_allchr_annotated.variant_function, subset_table_score_1KG_dataset_27022019.GRCh38.phased_allchr_annotated.exonic_variant_function
NOTICE: Reading gene annotation from humandb/hg38_refGene.txt ... Done with 82500 transcripts (including 20366 without coding sequence annotation) for 28265 unique genes
NOTICE: Processing next batch with 5000000 unique variants in 5000000 input lines
NOTICE: Finished analyzing 1000000 query variants
NOTICE: Finished analyzing 2000000 query variants
NOTICE: Finished analyzing 3000000 query variants
NOTICE: Finished analyzing 4000000 query variants
NOTICE: Reading FASTA sequences from humandb/hg38_refGeneMrna.fa ... Done with 6346 sequences
WARNING: A total of 591 sequences will be ignored due to lack of correct ORF annotation

---------------------------------------------------------------------------------------
WARNING: 25324 exonic SNPs have WRONG reference alleles specified in your input file!
WARNING: An example input line is <1	12644567	12644567	A	G	12644567	G	A	2534	0	14	0	0.00274725274725275	0.260289423117364	8	3	5>
WARNING: ANNOVAR can still annotate exonic_variant_function for the mutation correctly!
WARNING: you may have used wrong -buildver, or specified incorrect reference allele, or used outdated mRNA FASTA file!
---------------------------------------------------------------------------------------

NOTICE: Processing next batch with 5000000 unique variants in 5000000 input lines
NOTICE: Finished analyzing 1000000 query variants
NOTICE: Finished analyzing 2000000 query variants
NOTICE: Finished analyzing 3000000 query variants
NOTICE: Finished analyzing 4000000 query variants
NOTICE: Reading FASTA sequences from humandb/hg38_refGeneMrna.fa ... Done with 4948 sequences
WARNING: A total of 591 sequences will be ignored due to lack of correct ORF annotation

---------------------------------------------------------------------------------------
WARNING: 18895 exonic SNPs have WRONG reference alleles specified in your input file!
WARNING: An example input line is <2	130345591	130345591	A	G	130345591	G	A	2544	0	4	0	0.000784929356357928	0.0817171725139375	3	1	2>
WARNING: ANNOVAR can still annotate exonic_variant_function for the mutation correctly!
WARNING: you may have used wrong -buildver, or specified incorrect reference allele, or used outdated mRNA FASTA file!
---------------------------------------------------------------------------------------

NOTICE: Processing next batch with 5000000 unique variants in 5000000 input lines
NOTICE: Finished analyzing 1000000 query variants
NOTICE: Finished analyzing 2000000 query variants
NOTICE: Finished analyzing 3000000 query variants
NOTICE: Finished analyzing 4000000 query variants
NOTICE: Reading FASTA sequences from humandb/hg38_refGeneMrna.fa ... Done with 3188 sequences
WARNING: A total of 591 sequences will be ignored due to lack of correct ORF annotation

---------------------------------------------------------------------------------------
WARNING: 12179 exonic SNPs have WRONG reference alleles specified in your input file!
WARNING: An example input line is <4	113465537	113465537	C	T	113465537	T	C	2542	0	6	0	0.00117739403453689	0.0163908177381325	1	1	1>
WARNING: ANNOVAR can still annotate exonic_variant_function for the mutation correctly!
WARNING: you may have used wrong -buildver, or specified incorrect reference allele, or used outdated mRNA FASTA file!
---------------------------------------------------------------------------------------

NOTICE: Processing next batch with 5000000 unique variants in 5000000 input lines
NOTICE: Finished analyzing 1000000 query variants
NOTICE: Finished analyzing 2000000 query variants
NOTICE: Finished analyzing 3000000 query variants
NOTICE: Finished analyzing 4000000 query variants
NOTICE: Reading FASTA sequences from humandb/hg38_refGeneMrna.fa ... Done with 4836 sequences
WARNING: A total of 591 sequences will be ignored due to lack of correct ORF annotation

---------------------------------------------------------------------------------------
WARNING: 18651 exonic SNPs have WRONG reference alleles specified in your input file!
WARNING: An example input line is <6	41649662	41649662	A	G	41649662	G	A	2546	0	2	0	0.000392464678178964	0.0177714428945732	2	2	2>
WARNING: ANNOVAR can still annotate exonic_variant_function for the mutation correctly!
WARNING: you may have used wrong -buildver, or specified incorrect reference allele, or used outdated mRNA FASTA file!
---------------------------------------------------------------------------------------

NOTICE: Processing next batch with 5000000 unique variants in 5000000 input lines
NOTICE: Finished analyzing 1000000 query variants
NOTICE: Finished analyzing 2000000 query variants
NOTICE: Finished analyzing 3000000 query variants
NOTICE: Finished analyzing 4000000 query variants
NOTICE: Reading FASTA sequences from humandb/hg38_refGeneMrna.fa ... Done with 4624 sequences
WARNING: A total of 591 sequences will be ignored due to lack of correct ORF annotation

---------------------------------------------------------------------------------------
WARNING: 16487 exonic SNPs have WRONG reference alleles specified in your input file!
WARNING: An example input line is <7	155503085	155503085	G	T	155503085	T	G	2545	0	3	0	0.000588697017268446	0.0302969295978402	2	1	1>
WARNING: ANNOVAR can still annotate exonic_variant_function for the mutation correctly!
WARNING: you may have used wrong -buildver, or specified incorrect reference allele, or used outdated mRNA FASTA file!
---------------------------------------------------------------------------------------

NOTICE: Processing next batch with 5000000 unique variants in 5000000 input lines
NOTICE: Finished analyzing 1000000 query variants
NOTICE: Finished analyzing 2000000 query variants
NOTICE: Finished analyzing 3000000 query variants
NOTICE: Finished analyzing 4000000 query variants
NOTICE: Reading FASTA sequences from humandb/hg38_refGeneMrna.fa ... Done with 5894 sequences
WARNING: A total of 591 sequences will be ignored due to lack of correct ORF annotation

---------------------------------------------------------------------------------------
WARNING: 22137 exonic SNPs have WRONG reference alleles specified in your input file!
WARNING: An example input line is <10	80516287	80516287	C	T	80516287	T	C	2305	29	214	0	0.0533751962323391	0.22184788983923	11	2	8>
WARNING: ANNOVAR can still annotate exonic_variant_function for the mutation correctly!
WARNING: you may have used wrong -buildver, or specified incorrect reference allele, or used outdated mRNA FASTA file!
---------------------------------------------------------------------------------------

NOTICE: Processing next batch with 5000000 unique variants in 5000000 input lines
NOTICE: Finished analyzing 1000000 query variants
NOTICE: Finished analyzing 2000000 query variants
NOTICE: Finished analyzing 3000000 query variants
NOTICE: Finished analyzing 4000000 query variants
NOTICE: Reading FASTA sequences from humandb/hg38_refGeneMrna.fa ... Done with 5497 sequences
WARNING: A total of 591 sequences will be ignored due to lack of correct ORF annotation

---------------------------------------------------------------------------------------
WARNING: 20907 exonic SNPs have WRONG reference alleles specified in your input file!
WARNING: An example input line is <12	100312568	100312568	C	T	100312568	T	C	2544	0	4	0	0.000784929356357928	0.0503155766331002	2	1	2>
WARNING: ANNOVAR can still annotate exonic_variant_function for the mutation correctly!
WARNING: you may have used wrong -buildver, or specified incorrect reference allele, or used outdated mRNA FASTA file!
---------------------------------------------------------------------------------------

NOTICE: Processing next batch with 5000000 unique variants in 5000000 input lines
NOTICE: Finished analyzing 1000000 query variants
NOTICE: Finished analyzing 2000000 query variants
NOTICE: Finished analyzing 3000000 query variants
NOTICE: Finished analyzing 4000000 query variants
NOTICE: Reading FASTA sequences from humandb/hg38_refGeneMrna.fa ... Done with 7223 sequences
WARNING: A total of 591 sequences will be ignored due to lack of correct ORF annotation

---------------------------------------------------------------------------------------
WARNING: 30537 exonic SNPs have WRONG reference alleles specified in your input file!
WARNING: An example input line is <16	14140620	14140620	A	G	14140620	G	A	2546	0	2	0	0.000392464678178964	0.00978227614973271	1	1	1>
WARNING: ANNOVAR can still annotate exonic_variant_function for the mutation correctly!
WARNING: you may have used wrong -buildver, or specified incorrect reference allele, or used outdated mRNA FASTA file!
---------------------------------------------------------------------------------------

NOTICE: Processing next batch with 5000000 unique variants in 5000000 input lines
NOTICE: Finished analyzing 1000000 query variants
NOTICE: Finished analyzing 2000000 query variants
NOTICE: Finished analyzing 3000000 query variants
NOTICE: Finished analyzing 4000000 query variants
NOTICE: Reading FASTA sequences from humandb/hg38_refGeneMrna.fa ... Done with 8205 sequences
WARNING: A total of 591 sequences will be ignored due to lack of correct ORF annotation

---------------------------------------------------------------------------------------
WARNING: 36590 exonic SNPs have WRONG reference alleles specified in your input file!
WARNING: An example input line is <19	55678633	55678633	A	G	55678633	G	A	2444	1	103	0	0.0206043956043956	0.357898771581437	17	4	11>
WARNING: ANNOVAR can still annotate exonic_variant_function for the mutation correctly!
WARNING: you may have used wrong -buildver, or specified incorrect reference allele, or used outdated mRNA FASTA file!
---------------------------------------------------------------------------------------

NOTICE: Processing next batch with 183178 unique variants in 183178 input lines
NOTICE: Reading FASTA sequences from humandb/hg38_refGeneMrna.fa ... Done with 230 sequences
WARNING: A total of 591 sequences will be ignored due to lack of correct ORF annotation

---------------------------------------------------------------------------------------
WARNING: 1352 exonic SNPs have WRONG reference alleles specified in your input file!
WARNING: An example input line is <22	46335774	46335774	G	T	46335774	T	G	2401	3	144	0	0.0294348508634223	0.195659804600905	9	2	8>
WARNING: ANNOVAR can still annotate exonic_variant_function for the mutation correctly!
WARNING: you may have used wrong -buildver, or specified incorrect reference allele, or used outdated mRNA FASTA file!
---------------------------------------------------------------------------------------

NOTICE: Variants with invalid input format were written to subset_table_score_1KG_dataset_27022019.GRCh38.phased_allchr_annotated.invalid_input
